2022-01-14 15:44:24,789 0      [           main] DEBUG ache.ibatis.logging.LogFactory  - Logging initialized using 'class org.apache.ibatis.logging.log4j.Log4jImpl' adapter.
2022-01-14 15:44:24,873 84     [           main] DEBUG source.pooled.PooledDataSource  - PooledDataSource forcefully closed/removed all connections.
2022-01-14 15:44:24,873 84     [           main] DEBUG source.pooled.PooledDataSource  - PooledDataSource forcefully closed/removed all connections.
2022-01-14 15:44:24,873 84     [           main] DEBUG source.pooled.PooledDataSource  - PooledDataSource forcefully closed/removed all connections.
2022-01-14 15:44:24,874 85     [           main] DEBUG source.pooled.PooledDataSource  - PooledDataSource forcefully closed/removed all connections.
2022-01-14 15:44:25,197 408    [           main] DEBUG ansaction.jdbc.JdbcTransaction  - Opening JDBC Connection
2022-01-14 15:44:25,742 953    [           main] DEBUG source.pooled.PooledDataSource  - Created connection 2050835901.
2022-01-14 15:44:25,742 953    [           main] DEBUG ansaction.jdbc.JdbcTransaction  - Setting autocommit to false on JDBC Connection [com.mysql.jdbc.JDBC4Connection@7a3d45bd]
2022-01-14 15:44:25,748 959    [           main] DEBUG com.gzcss.Dao.IUserDao.findAll  - ==>  Preparing: select * from user
2022-01-14 15:44:25,807 1018   [           main] DEBUG com.gzcss.Dao.IUserDao.findAll  - ==> Parameters: 
2022-01-14 15:44:25,842 1053   [           main] DEBUG com.gzcss.Dao.IUserDao.findAll  - <==      Total: 6
2022-01-14 15:44:25,844 1055   [           main] DEBUG ansaction.jdbc.JdbcTransaction  - Resetting autocommit to true on JDBC Connection [com.mysql.jdbc.JDBC4Connection@7a3d45bd]
2022-01-14 15:44:25,844 1055   [           main] DEBUG ansaction.jdbc.JdbcTransaction  - Closing JDBC Connection [com.mysql.jdbc.JDBC4Connection@7a3d45bd]
2022-01-14 15:44:25,845 1056   [           main] DEBUG source.pooled.PooledDataSource  - Returned connection 2050835901 to pool.
2022-01-17 10:55:41,449 0      [           main] DEBUG ache.ibatis.logging.LogFactory  - Logging initialized using 'class org.apache.ibatis.logging.log4j.Log4jImpl' adapter.
2022-01-17 10:55:41,549 100    [           main] DEBUG source.pooled.PooledDataSource  - PooledDataSource forcefully closed/removed all connections.
2022-01-17 10:55:41,550 101    [           main] DEBUG source.pooled.PooledDataSource  - PooledDataSource forcefully closed/removed all connections.
2022-01-17 10:55:41,550 101    [           main] DEBUG source.pooled.PooledDataSource  - PooledDataSource forcefully closed/removed all connections.
2022-01-17 10:55:41,550 101    [           main] DEBUG source.pooled.PooledDataSource  - PooledDataSource forcefully closed/removed all connections.
2022-01-17 10:55:42,034 585    [           main] DEBUG ansaction.jdbc.JdbcTransaction  - Opening JDBC Connection
2022-01-17 10:55:42,834 1385   [           main] DEBUG source.pooled.PooledDataSource  - Created connection 2050835901.
2022-01-17 10:55:42,835 1386   [           main] DEBUG ansaction.jdbc.JdbcTransaction  - Setting autocommit to false on JDBC Connection [com.mysql.jdbc.JDBC4Connection@7a3d45bd]
2022-01-17 10:55:42,841 1392   [           main] DEBUG com.gzcss.Dao.IUserDao.findAll  - ==>  Preparing: select * from user
2022-01-17 10:55:42,938 1489   [           main] DEBUG com.gzcss.Dao.IUserDao.findAll  - ==> Parameters: 
2022-01-17 10:55:43,118 1669   [           main] DEBUG com.gzcss.Dao.IUserDao.findAll  - <==      Total: 6
2022-01-17 10:55:43,119 1670   [           main] DEBUG ansaction.jdbc.JdbcTransaction  - Resetting autocommit to true on JDBC Connection [com.mysql.jdbc.JDBC4Connection@7a3d45bd]
2022-01-17 10:55:43,120 1671   [           main] DEBUG ansaction.jdbc.JdbcTransaction  - Closing JDBC Connection [com.mysql.jdbc.JDBC4Connection@7a3d45bd]
2022-01-17 10:55:43,121 1672   [           main] DEBUG source.pooled.PooledDataSource  - Returned connection 2050835901 to pool.
